cStrokeCare/build/outputs/logs/manifest-merger-debug-report.txt
-- Merging decision tree log ---
manifest
ADDED from src\main\AndroidManifest.xml:20:1-147:12
	android:windowSoftInputMode
		ADDED from src\main\AndroidManifest.xml:20:70-109
	android:hardwareAccelerated
		ADDED from src\main\AndroidManifest.xml:21:99-133
	xmlns:android
		ADDED from src\main\AndroidManifest.xml:20:11-69
	package
		ADDED from src\main\AndroidManifest.xml:21:7-48
		INJECTED from src\main\AndroidManifest.xml
		INJECTED from src\main\AndroidManifest.xml
	android:versionName
		ADDED from src\main\AndroidManifest.xml:21:49-74
		INJECTED from src\main\AndroidManifest.xml
		INJECTED from src\main\AndroidManifest.xml
	android:versionCode
		ADDED from src\main\AndroidManifest.xml:21:75-98
		INJECTED from src\main\AndroidManifest.xml
		INJECTED from src\main\AndroidManifest.xml
supports-screens
ADDED from src\main\AndroidManifest.xml:22:5-29:11
	android:resizeable
		ADDED from src\main\AndroidManifest.xml:27:9-34
	android:largeScreens
		ADDED from src\main\AndroidManifest.xml:23:9-36
	android:anyDensity
		ADDED from src\main\AndroidManifest.xml:28:9-34
	android:normalScreens
		ADDED from src\main\AndroidManifest.xml:24:9-37
	android:xlargeScreens
		ADDED from src\main\AndroidManifest.xml:26:9-37
	android:smallScreens
		ADDED from src\main\AndroidManifest.xml:25:9-36
uses-permission#com.sonyericsson.extras.liveware.aef.EXTENSION_PERMISSION
ADDED from src\main\AndroidManifest.xml:30:2-94
	android:name
		ADDED from src\main\AndroidManifest.xml:30:19-91
uses-permission#android.permission.CAMERA
ADDED from src\main\AndroidManifest.xml:31:5-65
	android:name
		ADDED from src\main\AndroidManifest.xml:31:22-62
uses-permission#android.permission.VIBRATE
ADDED from src\main\AndroidManifest.xml:32:5-66
	android:name
		ADDED from src\main\AndroidManifest.xml:32:22-63
uses-permission#android.permission.ACCESS_COARSE_LOCATION
ADDED from src\main\AndroidManifest.xml:33:5-81
	android:name
		ADDED from src\main\AndroidManifest.xml:33:22-78
uses-permission#android.permission.ACCESS_FINE_LOCATION
ADDED from src\main\AndroidManifest.xml:34:5-79
	android:name
		ADDED from src\main\AndroidManifest.xml:34:22-76
uses-permission#android.permission.ACCESS_LOCATION_EXTRA_COMMANDS
ADDED from src\main\AndroidManifest.xml:35:5-89
	android:name
		ADDED from src\main\AndroidManifest.xml:35:22-86
uses-permission#android.permission.INTERNET
ADDED from src\main\AndroidManifest.xml:36:5-67
MERGED from [com.google.android.gms:play-services-ads-lite:9.2.0] AndroidManifest.xml:20:5-66
MERGED from [com.google.android.gms:play-services-ads-lite:9.2.0] AndroidManifest.xml:20:5-66
MERGED from [com.google.android.gms:play-services-analytics:9.2.0] AndroidManifest.xml:21:5-67
MERGED from [com.google.android.gms:play-services-analytics-impl:9.2.0] AndroidManifest.xml:21:5-67
MERGED from [com.google.android.gms:play-services-analytics-impl:9.2.0] AndroidManifest.xml:21:5-67
MERGED from [com.google.android.gms:play-services-appinvite:9.2.0] AndroidManifest.xml:19:5-67
MERGED from [com.google.firebase:firebase-iid:9.2.0] AndroidManifest.xml:21:5-67
MERGED from [com.google.android.gms:play-services-maps:9.2.0] AndroidManifest.xml:21:5-66
MERGED from [com.google.firebase:firebase-crash:9.2.0] AndroidManifest.xml:20:5-66
MERGED from [com.google.firebase:firebase-iid:9.2.0] AndroidManifest.xml:21:5-67
MERGED from [com.google.firebase:firebase-analytics:9.2.0] AndroidManifest.xml:21:5-67
MERGED from [com.google.firebase:firebase-analytics-impl:9.2.0] AndroidManifest.xml:21:5-67
MERGED from [com.google.firebase:firebase-iid:9.2.0] AndroidManifest.xml:21:5-67
MERGED from [com.google.firebase:firebase-iid:9.2.0] AndroidManifest.xml:21:5-67
MERGED from [com.google.firebase:firebase-iid:9.2.0] AndroidManifest.xml:21:5-67
MERGED from [com.google.android.gms:play-services-gcm:9.2.0] AndroidManifest.xml:22:5-67
MERGED from [com.google.android.gms:play-services-iid:9.2.0] AndroidManifest.xml:22:5-67
MERGED from [com.google.android.gms:play-services-iid:9.2.0] AndroidManifest.xml:22:5-67
MERGED from [com.google.android.gms:play-services-maps:9.2.0] AndroidManifest.xml:21:5-66
MERGED from [com.google.firebase:firebase-analytics:9.2.0] AndroidManifest.xml:21:5-67
MERGED from [com.google.firebase:firebase-analytics-impl:9.2.0] AndroidManifest.xml:21:5-67
MERGED from [com.google.firebase:firebase-iid:9.2.0] AndroidManifest.xml:21:5-67
MERGED from [com.google.firebase:firebase-analytics-impl:9.2.0] AndroidManifest.xml:21:5-67
MERGED from [com.google.firebase:firebase-iid:9.2.0] AndroidManifest.xml:21:5-67
MERGED from [com.google.android.gms:play-services-maps:9.2.0] AndroidManifest.xml:21:5-66
MERGED from [com.google.android.gms:play-services-tagmanager-api:9.2.0] AndroidManifest.xml:21:5-67
MERGED from [com.google.firebase:firebase-analytics:9.2.0] AndroidManifest.xml:21:5-67
MERGED from [com.google.firebase:firebase-analytics-impl:9.2.0] AndroidManifest.xml:21:5-67
MERGED from [com.google.firebase:firebase-iid:9.2.0] AndroidManifest.xml:21:5-67
MERGED from [com.google.android.gms:play-services-analytics-impl:9.2.0] AndroidManifest.xml:21:5-67
MERGED from [com.google.android.gms:play-services-tagmanager-api:9.2.0] AndroidManifest.xml:21:5-67
MERGED from [com.google.firebase:firebase-analytics:9.2.0] AndroidManifest.xml:21:5-67
MERGED from [com.google.firebase:firebase-analytics-impl:9.2.0] AndroidManifest.xml:21:5-67
MERGED from [com.google.firebase:firebase-iid:9.2.0] AndroidManifest.xml:21:5-67
MERGED from [com.google.android.gms:play-services-maps:9.2.0] AndroidManifest.xml:21:5-66
	android:name
		ADDED from src\main\AndroidManifest.xml:36:22-64
uses-permission#android.permission.RECEIVE_SMS
ADDED from src\main\AndroidManifest.xml:37:5-70
	android:name
		ADDED from src\main\AndroidManifest.xml:37:22-67
uses-permission#android.permission.RECORD_AUDIO
ADDED from src\main\AndroidManifest.xml:38:5-71
	android:name
		ADDED from src\main\AndroidManifest.xml:38:22-68
uses-permission#android.permission.RECORD_VIDEO
ADDED from src\main\AndroidManifest.xml:39:5-70
	android:name
		ADDED from src\main\AndroidManifest.xml:39:22-68
uses-permission#android.permission.MODIFY_AUDIO_SETTINGS
ADDED from src\main\AndroidManifest.xml:40:5-80
	android:name
		ADDED from src\main\AndroidManifest.xml:40:22-77
uses-permission#android.permission.READ_CONTACTS
ADDED from src\main\AndroidManifest.xml:41:5-72
	android:name
		ADDED from src\main\AndroidManifest.xml:41:22-69
uses-permission#android.permission.WRITE_CONTACTS
ADDED from src\main\AndroidManifest.xml:42:5-73
	android:name
		ADDED from src\main\AndroidManifest.xml:42:22-70
uses-permission#android.permission.WRITE_EXTERNAL_STORAGE
ADDED from src\main\AndroidManifest.xml:43:5-81
	android:name
		ADDED from src\main\AndroidManifest.xml:43:22-78
uses-permission#android.permission.READ_EXTERNAL_STORAGE
ADDED from src\main\AndroidManifest.xml:44:2-77
	android:name
		ADDED from src\main\AndroidManifest.xml:44:19-74
uses-permission#android.permission.ACCESS_NETWORK_STATE
ADDED from src\main\AndroidManifest.xml:45:5-79
MERGED from [com.google.android.gms:play-services-ads-lite:9.2.0] AndroidManifest.xml:21:5-78
MERGED from [com.google.android.gms:play-services-ads-lite:9.2.0] AndroidManifest.xml:21:5-78
MERGED from [com.google.android.gms:play-services-analytics:9.2.0] AndroidManifest.xml:22:5-79
MERGED from [com.google.android.gms:play-services-analytics-impl:9.2.0] AndroidManifest.xml:22:5-79
MERGED from [com.google.android.gms:play-services-analytics-impl:9.2.0] AndroidManifest.xml:22:5-79
MERGED from [com.google.firebase:firebase-iid:9.2.0] AndroidManifest.xml:20:5-79
MERGED from [com.google.android.gms:play-services-maps:9.2.0] AndroidManifest.xml:20:5-78
MERGED from [com.google.firebase:firebase-iid:9.2.0] AndroidManifest.xml:20:5-79
MERGED from [com.google.firebase:firebase-analytics:9.2.0] AndroidManifest.xml:22:5-79
MERGED from [com.google.firebase:firebase-analytics-impl:9.2.0] AndroidManifest.xml:22:5-79
MERGED from [com.google.firebase:firebase-iid:9.2.0] AndroidManifest.xml:20:5-79
MERGED from [com.google.firebase:firebase-iid:9.2.0] AndroidManifest.xml:20:5-79
MERGED from [com.google.firebase:firebase-iid:9.2.0] AndroidManifest.xml:20:5-79
MERGED from [com.google.android.gms:play-services-maps:9.2.0] AndroidManifest.xml:20:5-78
MERGED from [com.google.firebase:firebase-analytics:9.2.0] AndroidManifest.xml:22:5-79
MERGED from [com.google.firebase:firebase-analytics-impl:9.2.0] AndroidManifest.xml:22:5-79
MERGED from [com.google.firebase:firebase-iid:9.2.0] AndroidManifest.xml:20:5-79
MERGED from [com.google.firebase:firebase-analytics-impl:9.2.0] AndroidManifest.xml:22:5-79
MERGED from [com.google.firebase:firebase-iid:9.2.0] AndroidManifest.xml:20:5-79
MERGED from [com.google.android.gms:play-services-nearby:9.2.0] AndroidManifest.xml:5:5-79
MERGED from [com.google.android.gms:play-services-maps:9.2.0] AndroidManifest.xml:20:5-78
MERGED from [com.google.android.gms:play-services-tagmanager-api:9.2.0] AndroidManifest.xml:22:5-79
MERGED from [com.google.firebase:firebase-analytics:9.2.0] AndroidManifest.xml:22:5-79
MERGED from [com.google.firebase:firebase-analytics-impl:9.2.0] AndroidManifest.xml:22:5-79
MERGED from [com.google.firebase:firebase-iid:9.2.0] AndroidManifest.xml:20:5-79
MERGED from [com.google.android.gms:play-services-analytics-impl:9.2.0] AndroidManifest.xml:22:5-79
MERGED from [com.google.android.gms:play-services-tagmanager-api:9.2.0] AndroidManifest.xml:22:5-79
MERGED from [com.google.firebase:firebase-analytics:9.2.0] AndroidManifest.xml:22:5-79
MERGED from [com.google.firebase:firebase-analytics-impl:9.2.0] AndroidManifest.xml:22:5-79
MERGED from [com.google.firebase:firebase-iid:9.2.0] AndroidManifest.xml:20:5-79
MERGED from [com.google.android.gms:play-services-maps:9.2.0] AndroidManifest.xml:20:5-78
	android:name
		ADDED from src\main\AndroidManifest.xml:45:22-76
uses-permission#android.permission.GET_ACCOUNTS
ADDED from src\main\AndroidManifest.xml:46:5-71
	android:name
		ADDED from src\main\AndroidManifest.xml:46:22-68
uses-permission#android.permission.BROADCAST_STICKY
ADDED from src\main\AndroidManifest.xml:47:5-75
	android:name
		ADDED from src\main\AndroidManifest.xml:47:22-72
uses-permission#android.permission.BLUETOOTH
ADDED from src\main\AndroidManifest.xml:48:5-68
	android:name
		ADDED from src\main\AndroidManifest.xml:48:22-65
uses-permission#android.permission.BLUETOOTH_ADMIN
ADDED from src\main\AndroidManifest.xml:49:3-72
	android:name
		ADDED from src\main\AndroidManifest.xml:49:20-69
uses-permission#android.permission.WAKE_LOCK
ADDED from src\main\AndroidManifest.xml:50:3-66
MERGED from [com.google.android.gms:play-services-analytics:9.2.0] AndroidManifest.xml:25:5-67
MERGED from [com.google.android.gms:play-services-analytics-impl:9.2.0] AndroidManifest.xml:25:5-67
MERGED from [com.google.android.gms:play-services-analytics-impl:9.2.0] AndroidManifest.xml:25:5-67
MERGED from [com.google.firebase:firebase-iid:9.2.0] AndroidManifest.xml:22:5-68
MERGED from [com.google.firebase:firebase-iid:9.2.0] AndroidManifest.xml:22:5-68
MERGED from [com.google.firebase:firebase-analytics:9.2.0] AndroidManifest.xml:24:5-67
MERGED from [com.google.firebase:firebase-analytics-impl:9.2.0] AndroidManifest.xml:24:5-67
MERGED from [com.google.firebase:firebase-iid:9.2.0] AndroidManifest.xml:22:5-68
MERGED from [com.google.firebase:firebase-iid:9.2.0] AndroidManifest.xml:22:5-68
MERGED from [com.google.firebase:firebase-iid:9.2.0] AndroidManifest.xml:22:5-68
MERGED from [com.google.firebase:firebase-analytics:9.2.0] AndroidManifest.xml:24:5-67
MERGED from [com.google.firebase:firebase-analytics-impl:9.2.0] AndroidManifest.xml:24:5-67
MERGED from [com.google.firebase:firebase-iid:9.2.0] AndroidManifest.xml:22:5-68
MERGED from [com.google.firebase:firebase-analytics-impl:9.2.0] AndroidManifest.xml:24:5-67
MERGED from [com.google.firebase:firebase-iid:9.2.0] AndroidManifest.xml:22:5-68
MERGED from [com.google.firebase:firebase-analytics:9.2.0] AndroidManifest.xml:24:5-67
MERGED from [com.google.firebase:firebase-analytics-impl:9.2.0] AndroidManifest.xml:24:5-67
MERGED from [com.google.firebase:firebase-iid:9.2.0] AndroidManifest.xml:22:5-68
MERGED from [com.google.android.gms:play-services-analytics-impl:9.2.0] AndroidManifest.xml:25:5-67
MERGED from [com.google.firebase:firebase-analytics:9.2.0] AndroidManifest.xml:24:5-67
MERGED from [com.google.firebase:firebase-analytics-impl:9.2.0] AndroidManifest.xml:24:5-67
MERGED from [com.google.firebase:firebase-iid:9.2.0] AndroidManifest.xml:22:5-68
	android:name
		ADDED from src\main\AndroidManifest.xml:50:20-63
application
ADDED from src\main\AndroidManifest.xml:52:5-144:19
MERGED from [com.android.support:support-v4:23.0.0] AndroidManifest.xml:22:5-20
MERGED from [com.google.android.gms:play-services:9.2.0] AndroidManifest.xml:5:5-20
MERGED from [com.google.android.gms:play-services-ads-lite:9.2.0] AndroidManifest.xml:24:5-32:19
MERGED from [com.google.android.gms:play-services-basement:9.2.0] AndroidManifest.xml:20:5-24:19
MERGED from [com.android.support:support-v4:23.0.0] AndroidManifest.xml:22:5-20
MERGED from [com.google.android.gms:play-services-base:9.2.0] AndroidManifest.xml:19:5-23:19
MERGED from [com.google.android.gms:play-services-basement:9.2.0] AndroidManifest.xml:20:5-24:19
MERGED from [com.android.support:support-v4:23.0.0] AndroidManifest.xml:22:5-20
MERGED from [com.google.android.gms:play-services-tasks:9.2.0] AndroidManifest.xml:5:5-20
MERGED from [com.google.android.gms:play-services-basement:9.2.0] AndroidManifest.xml:20:5-24:19
MERGED from [com.android.support:support-v4:23.0.0] AndroidManifest.xml:22:5-20
MERGED from [com.google.android.gms:play-services-clearcut:9.2.0] AndroidManifest.xml:19:5-20
MERGED from [com.google.android.gms:play-services-base:9.2.0] AndroidManifest.xml:19:5-23:19
MERGED from [com.google.android.gms:play-services-basement:9.2.0] AndroidManifest.xml:20:5-24:19
MERGED from [com.android.support:support-v4:23.0.0] AndroidManifest.xml:22:5-20
MERGED from [com.google.android.gms:play-services-tasks:9.2.0] AndroidManifest.xml:5:5-20
MERGED from [com.google.android.gms:play-services-basement:9.2.0] AndroidManifest.xml:20:5-24:19
MERGED from [com.android.support:support-v4:23.0.0] AndroidManifest.xml:22:5-20
MERGED from [com.google.android.gms:play-services-basement:9.2.0] AndroidManifest.xml:20:5-24:19
MERGED from [com.android.support:support-v4:23.0.0] AndroidManifest.xml:22:5-20
MERGED from [com.google.android.gms:play-services-basement:9.2.0] AndroidManifest.xml:20:5-24:19
MERGED from [com.android.support:support-v4:23.0.0] AndroidManifest.xml:22:5-20
MERGED from [com.google.android.gms:play-services-gass:9.2.0] AndroidManifest.xml:19:5-20
MERGED from [com.google.android.gms:play-services-basement:9.2.0] AndroidManifest.xml:20:5-24:19
MERGED from [com.android.support:support-v4:23.0.0] AndroidManifest.xml:22:5-20
MERGED from [com.google.android.gms:play-services-ads-lite:9.2.0] AndroidManifest.xml:24:5-32:19
MERGED from [com.google.android.gms:play-services-basement:9.2.0] AndroidManifest.xml:20:5-24:19
MERGED from [com.android.support:support-v4:23.0.0] AndroidManifest.xml:22:5-20
MERGED from [com.google.android.gms:play-services-analytics:9.2.0] AndroidManifest.xml:27:5-20
MERGED from [com.google.android.gms:play-services-analytics-impl:9.2.0] AndroidManifest.xml:27:5-20
MERGED from [com.google.android.gms:play-services-base:9.2.0] AndroidManifest.xml:19:5-23:19
MERGED from [com.google.android.gms:play-services-basement:9.2.0] AndroidManifest.xml:20:5-24:19
MERGED from [com.android.support:support-v4:23.0.0] AndroidManifest.xml:22:5-20
MERGED from [com.google.android.gms:play-services-tasks:9.2.0] AndroidManifest.xml:5:5-20
MERGED from [com.google.android.gms:play-services-basement:9.2.0] AndroidManifest.xml:20:5-24:19
MERGED from [com.android.support:support-v4:23.0.0] AndroidManifest.xml:22:5-20
MERGED from [com.google.android.gms:play-services-basement:9.2.0] AndroidManifest.xml:20:5-24:19
MERGED from [com.android.support:support-v4:23.0.0] AndroidManifest.xml:22:5-20
MERGED from [com.google.android.gms:play-services-base:9.2.0] AndroidManifest.xml:19:5-23:19
MERGED from [com.google.android.gms:play-services-basement:9.2.0] AndroidManifest.xml:20:5-24:19
MERGED from [com.android.support:support-v4:23.0.0] AndroidManifest.xml:22:5-20
MERGED from [com.google.android.gms:play-services-tasks:9.2.0] AndroidManifest.xml:5:5-20
MERGED from [com.google.android.gms:play-services-basement:9.2.0] AndroidManifest.xml:20:5-24:19
MERGED from [com.android.support:support-v4:23.0.0] AndroidManifest.xml:22:5-20
MERGED from [com.google.android.gms:play-services-basement:9.2.0] AndroidManifest.xml:20:5-24:19
MERGED from [com.android.support:support-v4:23.0.0] AndroidManifest.xml:22:5-20
MERGED from [com.google.android.gms:play-services-analytics-impl:9.2.0] AndroidManifest.xml:27:5-20
MERGED from [com.google.android.gms:play-services-base:9.2.0] AndroidManifest.xml:19:5-23:19
MERGED from [com.google.android.gms:play-services-basement:9.2.0] AndroidManifest.xml:20:5-24:19
MERGED from [com.android.support:support-v4:23.0.0] AndroidManifest.xml:22:5-20
MERGED from [com.google.android.gms:play-services-tasks:9.2.0] AndroidManifest.xml:5:5-20
MERGED from [com.google.android.gms:play-services-basement:9.2.0] AndroidManifest.xml:20:5-24:19
MERGED from [com.android.support:support-v4:23.0.0] AndroidManifest.xml:22:5-20
MERGED from [com.google.android.gms:play-services-basement:9.2.0] AndroidManifest.xml:20:5-24:19
MERGED from [com.android.support:support-v4:23.0.0] AndroidManifest.xml:22:5-20
MERGED from [com.google.android.gms:play-services-appinvite:9.2.0] AndroidManifest.xml:20:5-30:19
MERGED from [com.google.android.gms:play-services-base:9.2.0] AndroidManifest.xml:19:5-23:19
MERGED from [com.google.android.gms:play-services-basement:9.2.0] AndroidManifest.xml:20:5-24:19
MERGED from [com.android.support:support-v4:23.0.0] AndroidManifest.xml:22:5-20
MERGED from [com.google.android.gms:play-services-tasks:9.2.0] AndroidManifest.xml:5:5-20
MERGED from [com.google.android.gms:play-services-basement:9.2.0] AndroidManifest.xml:20:5-24:19
MERGED from [com.android.support:support-v4:23.0.0] AndroidManifest.xml:22:5-20
MERGED from [com.google.android.gms:play-services-basement:9.2.0] AndroidManifest.xml:20:5-24:19
MERGED from [com.android.support:support-v4:23.0.0] AndroidManifest.xml:22:5-20
MERGED from [com.google.android.gms:play-services-auth:9.2.0] AndroidManifest.xml:20:5-32:19
MERGED from [com.google.android.gms:play-services-base:9.2.0] AndroidManifest.xml:19:5-23:19
MERGED from [com.google.android.gms:play-services-basement:9.2.0] AndroidManifest.xml:20:5-24:19
MERGED from [com.android.support:support-v4:23.0.0] AndroidManifest.xml:22:5-20
MERGED from [com.google.android.gms:play-services-tasks:9.2.0] AndroidManifest.xml:5:5-20
MERGED from [com.google.android.gms:play-services-basement:9.2.0] AndroidManifest.xml:20:5-24:19
MERGED from [com.android.support:support-v4:23.0.0] AndroidManifest.xml:22:5-20
MERGED from [com.google.android.gms:play-services-basement:9.2.0] AndroidManifest.xml:20:5-24:19
MERGED from [com.android.support:support-v4:23.0.0] AndroidManifest.xml:22:5-20
MERGED from [com.google.android.gms:play-services-base:9.2.0] AndroidManifest.xml:19:5-23:19
MERGED from [com.google.android.gms:play-services-basement:9.2.0] AndroidManifest.xml:20:5-24:19
MERGED from [com.android.support:support-v4:23.0.0] AndroidManifest.xml:22:5-20
MERGED from [com.google.android.gms:play-services-tasks:9.2.0] AndroidManifest.xml:5:5-20
MERGED from [com.google.android.gms:play-services-basement:9.2.0] AndroidManifest.xml:20:5-24:19
MERGED from [com.android.support:support-v4:23.0.0] AndroidManifest.xml:22:5-20
MERGED from [com.google.android.gms:play-services-basement:9.2.0] AndroidManifest.xml:20:5-24:19
MERGED from [com.android.support:support-v4:23.0.0] AndroidManifest.xml:22:5-20
MERGED from [com.google.android.gms:play-services-base:9.2.0] AndroidManifest.xml:19:5-23:19
MERGED from [com.google.android.gms:play-services-basement:9.2.0] AndroidManifest.xml:20:5-24:19
MERGED from [com.android.support:support-v4:23.0.0] AndroidManifest.xml:22:5-20
MERGED from [com.google.android.gms:play-services-tasks:9.2.0] AndroidManifest.xml:5:5-20
MERGED from [com.google.android.gms:play-services-basement:9.2.0] AndroidManifest.xml:20:5-24:19
MERGED from [com.android.support:support-v4:23.0.0] AndroidManifest.xml:22:5-20
MERGED from [com.google.android.gms:play-services-basement:9.2.0] AndroidManifest.xml:20:5-24:19
MERGED from [com.android.support:support-v4:23.0.0] AndroidManifest.xml:22:5-20
MERGED from [com.google.android.gms:play-services-base:9.2.0] AndroidManifest.xml:19:5-23:19
MERGED from [com.google.android.gms:play-services-basement:9.2.0] AndroidManifest.xml:20:5-24:19
MERGED from [com.android.support:support-v4:23.0.0] AndroidManifest.xml:22:5-20
MERGED from [com.google.android.gms:play-services-tasks:9.2.0] AndroidManifest.xml:5:5-20
MERGED from [com.google.android.gms:play-services-basement:9.2.0] AndroidManifest.xml:20:5-24:19
MERGED from [com.android.support:support-v4:23.0.0] AndroidManifest.xml:22:5-20
MERGED from [com.google.android.gms:play-services-cast-framework:9.2.0] AndroidManifest.xml:5:5-9:19
MERGED from [com.google.android.gms:play-services-base:9.2.0] AndroidManifest.xml:19:5-23:19
MERGED from [com.google.android.gms:play-services-basement:9.2.0] AndroidManifest.xml:20:5-24:19
MERGED from [com.android.support:support-v4:23.0.0] AndroidManifest.xml:22:5-20
MERGED from [com.google.android.gms:play-services-tasks:9.2.0] AndroidManifest.xml:5:5-20
MERGED from [com.google.android.gms:play-services-basement:9.2.0] AndroidManifest.xml:20:5-24:19
MERGED from [com.android.support:support-v4:23.0.0] AndroidManifest.xml:22:5-20
MERGED from [com.google.android.gms:play-services-cast:9.2.0] AndroidManifest.xml:19:5-20
MERGED from [com.google.android.gms:play-services-base:9.2.0] AndroidManifest.xml:19:5-23:19
MERGED from [com.google.android.gms:play-services-basement:9.2.0] AndroidManifest.xml:20:5-24:19
MERGED from [com.android.support:support-v4:23.0.0] AndroidManifest.xml:22:5-20
MERGED from [com.google.android.gms:play-services-tasks:9.2.0] AndroidManifest.xml:5:5-20
MERGED from [com.google.android.gms:play-services-basement:9.2.0] AndroidManifest.xml:20:5-24:19
MERGED from [com.android.support:support-v4:23.0.0] AndroidManifest.xml:22:5-20
MERGED from [com.google.android.gms:play-services-basement:9.2.0] AndroidManifest.xml:20:5-24:19
MERGED from [com.android.support:support-v4:23.0.0] AndroidManifest.xml:22:5-20
MERGED from [com.android.support:mediarouter-v7:23.0.0] AndroidManifest.xml:22:5-20
MERGED from [com.android.support:appcompat-v7:23.0.0] AndroidManifest.xml:22:5-20
MERGED from [com.android.support:support-v4:23.0.0] AndroidManifest.xml:22:5-20
MERGED from [com.google.android.gms:play-services-basement:9.2.0] AndroidManifest.xml:20:5-24:19
MERGED from [com.android.support:support-v4:23.0.0] AndroidManifest.xml:22:5-20
MERGED from [com.google.android.gms:play-services-cast:9.2.0] AndroidManifest.xml:19:5-20
MERGED from [com.google.android.gms:play-services-base:9.2.0] AndroidManifest.xml:19:5-23:19
MERGED from [com.google.android.gms:play-services-basement:9.2.0] AndroidManifest.xml:20:5-24:19
MERGED from [com.android.support:support-v4:23.0.0] AndroidManifest.xml:22:5-20
MERGED from [com.google.android.gms:play-services-tasks:9.2.0] AndroidManifest.xml:5:5-20
MERGED from [com.google.android.gms:play-services-basement:9.2.0] AndroidManifest.xml:20:5-24:19
MERGED from [com.android.support:support-v4:23.0.0] AndroidManifest.xml:22:5-20
MERGED from [com.google.android.gms:play-services-basement:9.2.0] AndroidManifest.xml:20:5-24:19
MERGED from [com.android.support:support-v4:23.0.0] AndroidManifest.xml:22:5-20
MERGED from [com.android.support:mediarouter-v7:23.0.0] AndroidManifest.xml:22:5-20
MERGED from [com.android.support:appcompat-v7:23.0.0] AndroidManifest.xml:22:5-20
MERGED from [com.android.support:support-v4:23.0.0] AndroidManifest.xml:22:5-20
MERGED from [com.google.android.gms:play-services-clearcut:9.2.0] AndroidManifest.xml:19:5-20
MERGED from [com.google.android.gms:play-services-base:9.2.0] AndroidManifest.xml:19:5-23:19
MERGED from [com.google.android.gms:play-services-basement:9.2.0] AndroidManifest.xml:20:5-24:19
MERGED from [com.android.support:support-v4:23.0.0] AndroidManifest.xml:22:5-20
MERGED from [com.google.android.gms:play-services-tasks:9.2.0] AndroidManifest.xml:5:5-20
MERGED from [com.google.android.gms:play-services-basement:9.2.0] AndroidManifest.xml:20:5-24:19
MERGED from [com.android.support:support-v4:23.0.0] AndroidManifest.xml:22:5-20
MERGED from [com.google.android.gms:play-services-basement:9.2.0] AndroidManifest.xml:20:5-24:19
MERGED from [com.android.support:support-v4:23.0.0] AndroidManifest.xml:22:5-20
MERGED from [com.google.android.gms:play-services-basement:9.2.0] AndroidManifest.xml:20:5-24:19
MERGED from [com.android.support:support-v4:23.0.0] AndroidManifest.xml:22:5-20
MERGED from [com.google.firebase:firebase-config:9.2.0] AndroidManifest.xml:19:5-20
MERGED from [com.google.android.gms:play-services-base:9.2.0] AndroidManifest.xml:19:5-23:19
MERGED from [com.google.android.gms:play-services-basement:9.2.0] AndroidManifest.xml:20:5-24:19
MERGED from [com.android.support:support-v4:23.0.0] AndroidManifest.xml:22:5-20
MERGED from [com.google.android.gms:play-services-tasks:9.2.0] AndroidManifest.xml:5:5-20
MERGED from [com.google.android.gms:play-services-basement:9.2.0] AndroidManifest.xml:20:5-24:19
MERGED from [com.android.support:support-v4:23.0.0] AndroidManifest.xml:22:5-20
MERGED from [com.google.android.gms:play-services-basement:9.2.0] AndroidManifest.xml:20:5-24:19
MERGED from [com.android.support:support-v4:23.0.0] AndroidManifest.xml:22:5-20
MERGED from [com.google.firebase:firebase-iid:9.2.0] AndroidManifest.xml:30:5-59:19
MERGED from [com.google.android.gms:play-services-basement:9.2.0] AndroidManifest.xml:20:5-24:19
MERGED from [com.android.support:support-v4:23.0.0] AndroidManifest.xml:22:5-20
MERGED from [com.google.firebase:firebase-common:9.2.0] AndroidManifest.xml:5:5-12:19
MERGED from [com.google.android.gms:play-services-basement:9.2.0] AndroidManifest.xml:20:5-24:19
MERGED from [com.android.support:support-v4:23.0.0] AndroidManifest.xml:22:5-20
MERGED from [com.google.android.gms:play-services-tasks:9.2.0] AndroidManifest.xml:5:5-20
MERGED from [com.google.android.gms:play-services-basement:9.2.0] AndroidManifest.xml:20:5-24:19
MERGED from [com.android.support:support-v4:23.0.0] AndroidManifest.xml:22:5-20
MERGED from [com.google.firebase:firebase-common:9.2.0] AndroidManifest.xml:5:5-12:19
MERGED from [com.google.android.gms:play-services-basement:9.2.0] AndroidManifest.xml:20:5-24:19
MERGED from [com.android.support:support-v4:23.0.0] AndroidManifest.xml:22:5-20
MERGED from [com.google.android.gms:play-services-tasks:9.2.0] AndroidManifest.xml:5:5-20
MERGED from [com.google.android.gms:play-services-basement:9.2.0] AndroidManifest.xml:20:5-24:19
MERGED from [com.android.support:support-v4:23.0.0] AndroidManifest.xml:22:5-20
MERGED from [com.google.android.gms:play-services-tasks:9.2.0] AndroidManifest.xml:5:5-20
MERGED from [com.google.android.gms:play-services-basement:9.2.0] AndroidManifest.xml:20:5-24:19
MERGED from [com.android.support:support-v4:23.0.0] AndroidManifest.xml:22:5-20
MERGED from [com.google.android.gms:play-services-contextmanager:9.2.0] AndroidManifest.xml:19:5-20
MERGED from [com.google.android.gms:play-services-base:9.2.0] AndroidManifest.xml:19:5-23:19
MERGED from [com.google.android.gms:play-services-basement:9.2.0] AndroidManifest.xml:20:5-24:19
MERGED from [com.android.support:support-v4:23.0.0] AndroidManifest.xml:22:5-20
MERGED from [com.google.android.gms:play-services-tasks:9.2.0] AndroidManifest.xml:5:5-20
MERGED from [com.google.android.gms:play-services-basement:9.2.0] AndroidManifest.xml:20:5-24:19
MERGED from [com.android.support:support-v4:23.0.0] AndroidManifest.xml:22:5-20
MERGED from [com.google.android.gms:play-services-basement:9.2.0] AndroidManifest.xml:20:5-24:19
MERGED from [com.android.support:support-v4:23.0.0] AndroidManifest.xml:22:5-20
MERGED from [com.google.android.gms:play-services-location:9.2.0] AndroidManifest.xml:19:5-20
MERGED from [com.google.android.gms:play-services-base:9.2.0] AndroidManifest.xml:19:5-23:19
MERGED from [com.google.android.gms:play-services-basement:9.2.0] AndroidManifest.xml:20:5-24:19
MERGED from [com.android.support:support-v4:23.0.0] AndroidManifest.xml:22:5-20
MERGED from [com.google.android.gms:play-services-tasks:9.2.0] AndroidManifest.xml:5:5-20
MERGED from [com.google.android.gms:play-services-basement:9.2.0] AndroidManifest.xml:20:5-24:19
MERGED from [com.android.support:support-v4:23.0.0] AndroidManifest.xml:22:5-20
MERGED from [com.google.android.gms:play-services-basement:9.2.0] AndroidManifest.xml:20:5-24:19
MERGED from [com.android.support:support-v4:23.0.0] AndroidManifest.xml:22:5-20
MERGED from [com.google.android.gms:play-services-places:9.2.0] AndroidManifest.xml:19:5-20
MERGED from [com.google.android.gms:play-services-base:9.2.0] AndroidManifest.xml:19:5-23:19
MERGED from [com.google.android.gms:play-services-basement:9.2.0] AndroidManifest.xml:20:5-24:19
MERGED from [com.android.support:support-v4:23.0.0] AndroidManifest.xml:22:5-20
MERGED from [com.google.android.gms:play-services-tasks:9.2.0] AndroidManifest.xml:5:5-20
MERGED from [com.google.android.gms:play-services-basement:9.2.0] AndroidManifest.xml:20:5-24:19
MERGED from [com.android.support:support-v4:23.0.0] AndroidManifest.xml:22:5-20
MERGED from [com.google.android.gms:play-services-basement:9.2.0] AndroidManifest.xml:20:5-24:19
MERGED from [com.android.support:support-v4:23.0.0] AndroidManifest.xml:22:5-20
MERGED from [com.google.android.gms:play-services-maps:9.2.0] AndroidManifest.xml:27:5-20